---------------------------------------
Begin PBS Prologue Fri Mar  6 11:52:00 EST 2020
Job ID:     147923.ice-sched.pace.gatech.edu
User ID:    gkakkar7
Job name:   cs6210-proj2-mpihello
Queue:      coc-ice
End PBS Prologue Fri Mar  6 11:52:00 EST 2020
---------------------------------------
Started on rich133-k40-24-r.pace.gatech.edu
Nodes chosen are:
rich133-k40-24-r.pace.gatech.edu
rich133-k40-25-l.pace.gatech.edu
rich133-k40-25-r.pace.gatech.edu
rich133-k40-26-l.pace.gatech.edu
rich133-k40-26-r.pace.gatech.edu
rich133-k40-27-l.pace.gatech.edu
rich133-k40-27-r.pace.gatech.edu
rich133-k40-29.pace.gatech.edu
dissemination_barrier.c: In function ‘dissemination_barrier’:
dissemination_barrier.c:29:6: warning: variable ‘ret’ set but not used [-Wunused-but-set-variable]
  int ret, recv_rank, send_rank, pow2;
      ^
dissemination_barrier.c: In function ‘main’:
dissemination_barrier.c:69:24: warning: unused variable ‘end’ [-Wunused-variable]
  struct timeval start, end;
                        ^
dissemination_barrier.c:69:17: warning: unused variable ‘start’ [-Wunused-variable]
  struct timeval start, end;
                 ^
dissemination_barrier.c:110:1: warning: control reaches end of non-void function [-Wreturn-type]
 }
 ^
Avg Time taken per barrier by process 0 is 0.067476 ms
Avg Time taken per barrier by process 1 is 0.067177 ms
Avg Time taken per barrier by process 3 is 0.067102 ms
Avg Time taken per barrier by process 2 is 0.067392 ms
Avg Time taken per barrier by process 6 is 0.067349 ms
Avg Time taken per barrier by process 4 is 0.067427 ms
Avg Time taken per barrier by process 7 is 0.067047 ms
Avg Time taken per barrier by process 5 is 0.067136 ms
Avg Barrier time across all processes 67263.245583---------------------------------------
Begin PBS Epilogue Fri Mar  6 11:52:08 EST 2020
Job ID:     147923.ice-sched.pace.gatech.edu
User ID:    gkakkar7
Job name:   cs6210-proj2-mpihello
Resources:  neednodes=rich133-k40-24-r.pace.gatech.edu+rich133-k40-25-l.pace.gatech.edu+rich133-k40-25-r.pace.gatech.edu+rich133-k40-26-l.pace.gatech.edu+rich133-k40-26-r.pace.gatech.edu+rich133-k40-27-l.pace.gatech.edu+rich133-k40-27-r.pace.gatech.edu+rich133-k40-29.pace.gatech.edu,nodes=rich133-k40-24-r.pace.gatech.edu+rich133-k40-25-l.pace.gatech.edu+rich133-k40-25-r.pace.gatech.edu+rich133-k40-26-l.pace.gatech.edu+rich133-k40-26-r.pace.gatech.edu+rich133-k40-27-l.pace.gatech.edu+rich133-k40-27-r.pace.gatech.edu+rich133-k40-29.pace.gatech.edu,pmem=1gb,walltime=00:05:00
Rsrc Used:  cput=00:00:00,energy_used=0,mem=0kb,vmem=0kb,walltime=00:00:08
Queue:      coc-ice
Nodes:     
rich133-k40-24-r.pace.gatech.edu rich133-k40-25-l.pace.gatech.edu 
rich133-k40-25-r.pace.gatech.edu rich133-k40-26-l.pace.gatech.edu 
rich133-k40-26-r.pace.gatech.edu rich133-k40-27-l.pace.gatech.edu 
rich133-k40-27-r.pace.gatech.edu rich133-k40-29.pace.gatech.edu
End PBS Epilogue Fri Mar  6 11:52:08 EST 2020
---------------------------------------
