---------------------------------------
Begin PBS Prologue Fri Mar  6 00:58:17 EST 2020
Job ID:     146405.ice-sched.pace.gatech.edu
User ID:    gkakkar7
Job name:   cs6210-proj2-mpihello
Queue:      coc-ice
End PBS Prologue Fri Mar  6 00:58:17 EST 2020
---------------------------------------
Started on rich133-k40-23-r.pace.gatech.edu
Nodes chosen are:
rich133-k40-23-r.pace.gatech.edu
rich133-k40-23-r.pace.gatech.edu
rich133-k40-20-r.pace.gatech.edu
rich133-k40-21-l.pace.gatech.edu
rich133-k40-21-r.pace.gatech.edu
rich133-k40-22-l.pace.gatech.edu
rich133-k40-22-r.pace.gatech.edu
rich133-k40-23-l.pace.gatech.edu
tournament_barrier.c: In function ‘main’:
tournament_barrier.c:87:24: warning: unused variable ‘end’ [-Wunused-variable]
  struct timeval start, end;
                        ^
tournament_barrier.c:87:17: warning: unused variable ‘start’ [-Wunused-variable]
  struct timeval start, end;
                 ^
tournament_barrier.c:125:1: warning: control reaches end of non-void function [-Wreturn-type]
 }
 ^
Avg Time taken per barrier by process 1 is 0.078857 ms
Avg Time taken per barrier by process 0 is 0.078870 ms
Avg Time taken per barrier by process 3 is 0.078781 ms
Avg Time taken per barrier by process 6 is 0.078691 ms
Avg Time taken per barrier by process 4 is 0.078699 ms
Avg Time taken per barrier by process 2 is 0.078734 ms
Avg Time taken per barrier by process 5 is 0.078782 ms
Avg Time taken per barrier by process 7 is 0.078723 ms
Avg Barrier time across all processes 0.078767---------------------------------------
Begin PBS Epilogue Fri Mar  6 00:58:17 EST 2020
Job ID:     146405.ice-sched.pace.gatech.edu
User ID:    gkakkar7
Job name:   cs6210-proj2-mpihello
Resources:  neednodes=rich133-k40-23-r.pace.gatech.edu+rich133-k40-20-r.pace.gatech.edu+rich133-k40-21-l.pace.gatech.edu+rich133-k40-23-r.pace.gatech.edu+rich133-k40-21-r.pace.gatech.edu+rich133-k40-22-l.pace.gatech.edu+rich133-k40-22-r.pace.gatech.edu+rich133-k40-23-l.pace.gatech.edu,nodes=rich133-k40-23-r.pace.gatech.edu+rich133-k40-20-r.pace.gatech.edu+rich133-k40-21-l.pace.gatech.edu+rich133-k40-23-r.pace.gatech.edu+rich133-k40-21-r.pace.gatech.edu+rich133-k40-22-l.pace.gatech.edu+rich133-k40-22-r.pace.gatech.edu+rich133-k40-23-l.pace.gatech.edu,pmem=1gb,walltime=00:05:00
Rsrc Used:  cput=00:00:00,energy_used=0,mem=0kb,vmem=0kb,walltime=00:00:00
Queue:      coc-ice
Nodes:     
rich133-k40-20-r.pace.gatech.edu rich133-k40-21-l.pace.gatech.edu 
rich133-k40-21-r.pace.gatech.edu rich133-k40-22-l.pace.gatech.edu 
rich133-k40-22-r.pace.gatech.edu rich133-k40-23-l.pace.gatech.edu 
rich133-k40-23-r.pace.gatech.edu
End PBS Epilogue Fri Mar  6 00:58:17 EST 2020
---------------------------------------
