---------------------------------------
Begin PBS Prologue Fri Mar  6 11:50:04 EST 2020
Job ID:     147917.ice-sched.pace.gatech.edu
User ID:    gkakkar7
Job name:   cs6210-proj2-mpihello
Queue:      coc-ice
End PBS Prologue Fri Mar  6 11:50:04 EST 2020
---------------------------------------
Started on rich133-k40-24-r.pace.gatech.edu
Nodes chosen are:
rich133-k40-24-r.pace.gatech.edu
rich133-k40-25-l.pace.gatech.edu
rich133-k40-25-r.pace.gatech.edu
rich133-k40-26-l.pace.gatech.edu
rich133-k40-26-r.pace.gatech.edu
rich133-k40-27-l.pace.gatech.edu
rich133-k40-27-r.pace.gatech.edu
rich133-k40-29.pace.gatech.edu
rich133-h35-17-l.pace.gatech.edu
rich133-h35-17-r.pace.gatech.edu
tournament_barrier.c: In function ‘main’:
tournament_barrier.c:87:24: warning: unused variable ‘end’ [-Wunused-variable]
  struct timeval start, end;
                        ^
tournament_barrier.c:87:17: warning: unused variable ‘start’ [-Wunused-variable]
  struct timeval start, end;
                 ^
tournament_barrier.c:123:1: warning: control reaches end of non-void function [-Wreturn-type]
 }
 ^
Avg Time taken per barrier by process 0 is 0.081802 ms
Avg Time taken per barrier by process 1 is 0.081460 ms
Avg Time taken per barrier by process 2 is 0.081714 ms
Avg Time taken per barrier by process 5 is 0.081415 ms
Avg Time taken per barrier by process 6 is 0.081672 ms
Avg Time taken per barrier by process 4 is 0.081727 ms
Avg Time taken per barrier by process 3 is 0.081337 ms
Avg Time taken per barrier by process 9 is 0.081366 ms
Avg Time taken per barrier by process 7 is 0.081281 ms
Avg Time taken per barrier by process 8 is 0.081725 ms
Avg Barrier time across all processes 81549.906731---------------------------------------
Begin PBS Epilogue Fri Mar  6 11:50:05 EST 2020
Job ID:     147917.ice-sched.pace.gatech.edu
User ID:    gkakkar7
Job name:   cs6210-proj2-mpihello
Resources:  neednodes=rich133-k40-24-r.pace.gatech.edu+rich133-k40-25-l.pace.gatech.edu+rich133-k40-25-r.pace.gatech.edu+rich133-k40-26-l.pace.gatech.edu+rich133-k40-26-r.pace.gatech.edu+rich133-k40-27-l.pace.gatech.edu+rich133-k40-27-r.pace.gatech.edu+rich133-k40-29.pace.gatech.edu+rich133-h35-17-l.pace.gatech.edu+rich133-h35-17-r.pace.gatech.edu,nodes=rich133-k40-24-r.pace.gatech.edu+rich133-k40-25-l.pace.gatech.edu+rich133-k40-25-r.pace.gatech.edu+rich133-k40-26-l.pace.gatech.edu+rich133-k40-26-r.pace.gatech.edu+rich133-k40-27-l.pace.gatech.edu+rich133-k40-27-r.pace.gatech.edu+rich133-k40-29.pace.gatech.edu+rich133-h35-17-l.pace.gatech.edu+rich133-h35-17-r.pace.gatech.edu,pmem=1gb,walltime=00:05:00
Rsrc Used:  cput=00:00:00,energy_used=0,mem=36860kb,vmem=571296kb,walltime=00:00:00
Queue:      coc-ice
Nodes:     
rich133-h35-17-l.pace.gatech.edu rich133-h35-17-r.pace.gatech.edu 
rich133-k40-24-r.pace.gatech.edu rich133-k40-25-l.pace.gatech.edu 
rich133-k40-25-r.pace.gatech.edu rich133-k40-26-l.pace.gatech.edu 
rich133-k40-26-r.pace.gatech.edu rich133-k40-27-l.pace.gatech.edu 
rich133-k40-27-r.pace.gatech.edu rich133-k40-29.pace.gatech.edu
End PBS Epilogue Fri Mar  6 11:50:05 EST 2020
---------------------------------------
