---------------------------------------
Begin PBS Prologue Fri Mar  6 14:47:56 EST 2020
Job ID:     148685.ice-sched.pace.gatech.edu
User ID:    gkakkar7
Job name:   cs6210-proj2-mpihello
Queue:      coc-ice
End PBS Prologue Fri Mar  6 14:47:56 EST 2020
---------------------------------------
Started on rich133-k40-21-l.pace.gatech.edu
Nodes chosen are:
rich133-k40-21-l.pace.gatech.edu
rich133-k40-21-r.pace.gatech.edu
rich133-k40-22-r.pace.gatech.edu
rich133-k40-22-l.pace.gatech.edu
rich133-h35-16-l.pace.gatech.edu
rich133-h35-16-r.pace.gatech.edu
rich133-h35-17-l.pace.gatech.edu
rich133-h35-17-r.pace.gatech.edu
tourmination_barrier.c: In function ‘tournament_barrier_init’:
tourmination_barrier.c:52:6: warning: unused variable ‘nrounds’ [-Wunused-variable]
  int nrounds = (int)ceil(log2threads);    // determine max number of rounds for barrier
      ^
tourmination_barrier.c: In function ‘dissemination_barrier’:
tourmination_barrier.c:92:6: warning: variable ‘ret’ set but not used [-Wunused-but-set-variable]
  int ret, recv_rank, send_rank, pow2;
      ^
tourmination_barrier.c: In function ‘main’:
tourmination_barrier.c:245:11: warning: unused variable ‘time_taken’ [-Wunused-variable]
    double time_taken; 
           ^
tourmination_barrier.c:243:25: warning: unused variable ‘end’ [-Wunused-variable]
   struct timeval start, end;
                         ^
tourmination_barrier.c:243:18: warning: unused variable ‘start’ [-Wunused-variable]
   struct timeval start, end;
                  ^
tourmination_barrier.c:295:1: warning: control reaches end of non-void function [-Wreturn-type]
 }
 ^
Avg time across all barrier 80256385.962168 ns
Avg time across all barrier 80267467.379570 ns
Avg time across all barrier 80277490.019798 ns
Avg time across all barrier 80279985.149701 ns
Avg time across all barrier 80280562.957128 ns
Avg time across all barrier 80277992.685636 ns
Avg time across all barrier 80289420.366287 ns
Avg time across all barrier 80294622.977575 ns
Avg Barrier time across all processes 80277990.937233---------------------------------------
Begin PBS Epilogue Fri Mar  6 14:49:17 EST 2020
Job ID:     148685.ice-sched.pace.gatech.edu
User ID:    gkakkar7
Job name:   cs6210-proj2-mpihello
Resources:  neednodes=rich133-k40-21-l.pace.gatech.edu+rich133-k40-21-r.pace.gatech.edu+rich133-k40-22-r.pace.gatech.edu+rich133-k40-22-l.pace.gatech.edu+rich133-h35-16-l.pace.gatech.edu+rich133-h35-16-r.pace.gatech.edu+rich133-h35-17-l.pace.gatech.edu+rich133-h35-17-r.pace.gatech.edu,nodes=rich133-k40-21-l.pace.gatech.edu+rich133-k40-21-r.pace.gatech.edu+rich133-k40-22-r.pace.gatech.edu+rich133-k40-22-l.pace.gatech.edu+rich133-h35-16-l.pace.gatech.edu+rich133-h35-16-r.pace.gatech.edu+rich133-h35-17-l.pace.gatech.edu+rich133-h35-17-r.pace.gatech.edu,pmem=1gb,walltime=00:05:00
Rsrc Used:  cput=00:10:07,energy_used=0,mem=330244kb,vmem=2416868kb,walltime=00:01:21
Queue:      coc-ice
Nodes:     
rich133-h35-16-l.pace.gatech.edu rich133-h35-16-r.pace.gatech.edu 
rich133-h35-17-l.pace.gatech.edu rich133-h35-17-r.pace.gatech.edu 
rich133-k40-21-l.pace.gatech.edu rich133-k40-21-r.pace.gatech.edu 
rich133-k40-22-l.pace.gatech.edu rich133-k40-22-r.pace.gatech.edu
End PBS Epilogue Fri Mar  6 14:49:17 EST 2020
---------------------------------------
